2024-03-14 12:47:59,591 - root - INFO - Display The Output
2024-03-14 12:47:59,591 - root - INFO - Training The Model
2024-03-14 12:48:50,925 - root - INFO - Display The Output
2024-03-14 12:48:50,925 - root - INFO - Training The Model
2024-03-14 15:16:09,268 - root - INFO - Loading the data...
2024-03-14 15:16:10,559 - root - INFO - Initializing the trainer...
2024-03-14 21:26:55,566 - root - INFO - Training completed
2024-03-14 21:28:04,379 - root - INFO - Testing the model
2024-03-14 21:28:05,144 - matplotlib.image - WARNING - Clipping input data to the valid range for imshow with RGB data ([0..1] for floats or [0..255] for integers).
2024-03-14 21:28:05,183 - matplotlib.image - WARNING - Clipping input data to the valid range for imshow with RGB data ([0..1] for floats or [0..255] for integers).
2024-03-14 21:28:05,601 - matplotlib.image - WARNING - Clipping input data to the valid range for imshow with RGB data ([0..1] for floats or [0..255] for integers).
2024-03-14 21:28:05,632 - matplotlib.image - WARNING - Clipping input data to the valid range for imshow with RGB data ([0..1] for floats or [0..255] for integers).
2024-03-14 21:28:05,694 - matplotlib.image - WARNING - Clipping input data to the valid range for imshow with RGB data ([0..1] for floats or [0..255] for integers).
2024-03-14 21:28:05,724 - matplotlib.image - WARNING - Clipping input data to the valid range for imshow with RGB data ([0..1] for floats or [0..255] for integers).
2024-03-14 21:28:23,445 - root - INFO - Testing completed
2024-03-14 21:28:26,818 - root - INFO - Testing the model
2024-03-14 21:28:27,822 - matplotlib.image - WARNING - Clipping input data to the valid range for imshow with RGB data ([0..1] for floats or [0..255] for integers).
2024-03-14 21:28:27,884 - matplotlib.image - WARNING - Clipping input data to the valid range for imshow with RGB data ([0..1] for floats or [0..255] for integers).
2024-03-14 21:28:27,946 - matplotlib.image - WARNING - Clipping input data to the valid range for imshow with RGB data ([0..1] for floats or [0..255] for integers).
2024-03-14 21:28:28,008 - matplotlib.image - WARNING - Clipping input data to the valid range for imshow with RGB data ([0..1] for floats or [0..255] for integers).
2024-03-14 21:28:28,069 - matplotlib.image - WARNING - Clipping input data to the valid range for imshow with RGB data ([0..1] for floats or [0..255] for integers).
2024-03-14 21:28:28,182 - matplotlib.image - WARNING - Clipping input data to the valid range for imshow with RGB data ([0..1] for floats or [0..255] for integers).
2024-03-14 21:28:33,858 - root - INFO - Testing completed
2024-03-14 21:28:36,960 - root - INFO - Testing the model
2024-03-14 21:28:37,636 - matplotlib.image - WARNING - Clipping input data to the valid range for imshow with RGB data ([0..1] for floats or [0..255] for integers).
2024-03-14 21:28:37,670 - matplotlib.image - WARNING - Clipping input data to the valid range for imshow with RGB data ([0..1] for floats or [0..255] for integers).
2024-03-14 21:28:37,704 - matplotlib.image - WARNING - Clipping input data to the valid range for imshow with RGB data ([0..1] for floats or [0..255] for integers).
2024-03-14 21:28:37,871 - matplotlib.image - WARNING - Clipping input data to the valid range for imshow with RGB data ([0..1] for floats or [0..255] for integers).
2024-03-14 21:28:38,056 - matplotlib.image - WARNING - Clipping input data to the valid range for imshow with RGB data ([0..1] for floats or [0..255] for integers).
2024-03-14 21:28:38,148 - matplotlib.image - WARNING - Clipping input data to the valid range for imshow with RGB data ([0..1] for floats or [0..255] for integers).
2024-03-14 21:28:38,209 - matplotlib.image - WARNING - Clipping input data to the valid range for imshow with RGB data ([0..1] for floats or [0..255] for integers).
2024-03-14 21:28:38,290 - matplotlib.image - WARNING - Clipping input data to the valid range for imshow with RGB data ([0..1] for floats or [0..255] for integers).
2024-03-14 21:29:01,933 - root - INFO - Testing completed
2024-03-14 21:29:36,464 - root - INFO - Testing the model
2024-03-14 21:29:37,205 - matplotlib.image - WARNING - Clipping input data to the valid range for imshow with RGB data ([0..1] for floats or [0..255] for integers).
2024-03-14 21:29:37,238 - matplotlib.image - WARNING - Clipping input data to the valid range for imshow with RGB data ([0..1] for floats or [0..255] for integers).
2024-03-14 21:29:37,305 - matplotlib.image - WARNING - Clipping input data to the valid range for imshow with RGB data ([0..1] for floats or [0..255] for integers).
2024-03-14 21:29:37,337 - matplotlib.image - WARNING - Clipping input data to the valid range for imshow with RGB data ([0..1] for floats or [0..255] for integers).
2024-03-14 21:29:37,429 - matplotlib.image - WARNING - Clipping input data to the valid range for imshow with RGB data ([0..1] for floats or [0..255] for integers).
2024-03-14 21:29:37,491 - matplotlib.image - WARNING - Clipping input data to the valid range for imshow with RGB data ([0..1] for floats or [0..255] for integers).
2024-03-14 21:29:37,522 - matplotlib.image - WARNING - Clipping input data to the valid range for imshow with RGB data ([0..1] for floats or [0..255] for integers).
2024-03-14 21:29:37,706 - matplotlib.image - WARNING - Clipping input data to the valid range for imshow with RGB data ([0..1] for floats or [0..255] for integers).
2024-03-14 21:29:55,995 - root - INFO - Testing completed
